<?xml version="1.0" encoding="UTF-8"?>
<testsuite errors="0" failures="0" file="Deletion_tests.py" name="Deletion_tests.DeletionTest-20191028105108" skipped="0" tests="2" time="0.048" timestamp="2019-10-28T10:51:08">
	<testcase classname="Deletion_tests.DeletionTest" file="src\unittest\python\Deletion_tests.py" line="10" name="testDeletionPermission" time="0.045" timestamp="2019-10-28T10:51:08">
		<system-out>
<![CDATA[Deletion permission enabled
]]>		</system-out>
		<system-err>
<![CDATA[]]>		</system-err>
	</testcase>
	<testcase classname="Deletion_tests.DeletionTest" file="src\unittest\python\Deletion_tests.py" line="16" name="testDescription" time="0.003" timestamp="2019-10-28T10:51:08">
		<system-out>
<![CDATA[]]>		</system-out>
		<system-err>
<![CDATA[]]>		</system-err>
	</testcase>
</testsuite>
