<?xml version="1.0" encoding="UTF-8"?>
<testsuite errors="0" failures="0" file="Deletion_tests.py" name="Deletion_tests.DeletionTest-20191028110019" skipped="0" tests="2" time="0.004" timestamp="2019-10-28T11:00:19">
	<testcase classname="Deletion_tests.DeletionTest" file="src\unittest\python\Deletion_tests.py" line="10" name="test_DeletionPermission" time="0.003" timestamp="2019-10-28T11:00:19">
		<system-out>
<![CDATA[Deletion permission enabled
]]>		</system-out>
		<system-err>
<![CDATA[]]>		</system-err>
	</testcase>
	<testcase classname="Deletion_tests.DeletionTest" file="src\unittest\python\Deletion_tests.py" line="16" name="test_Description" time="0.001" timestamp="2019-10-28T11:00:19">
		<system-out>
<![CDATA[]]>		</system-out>
		<system-err>
<![CDATA[]]>		</system-err>
	</testcase>
</testsuite>
