<?xml version="1.0" encoding="UTF-8"?>
<testsuite errors="0" failures="0" file="FinalUser_tests.py" name="FinalUser_tests.FinalUserTest-20191030153432" skipped="0" tests="4" time="0.003" timestamp="2019-10-30T15:34:32">
	<testcase classname="FinalUser_tests.FinalUserTest" file="src/unittest/python/FinalUser_tests.py" line="11" name="testCanApprove" time="0.002" timestamp="2019-10-30T15:34:32">
		<system-out>
<![CDATA[]]>		</system-out>
		<system-err>
<![CDATA[]]>		</system-err>
	</testcase>
	<testcase classname="FinalUser_tests.FinalUserTest" file="src/unittest/python/FinalUser_tests.py" line="14" name="testCanComment" time="0.000" timestamp="2019-10-30T15:34:32">
		<system-out>
<![CDATA[]]>		</system-out>
		<system-err>
<![CDATA[]]>		</system-err>
	</testcase>
	<testcase classname="FinalUser_tests.FinalUserTest" file="src/unittest/python/FinalUser_tests.py" line="17" name="testCanDelete" time="0.000" timestamp="2019-10-30T15:34:32">
		<system-out>
<![CDATA[]]>		</system-out>
		<system-err>
<![CDATA[]]>		</system-err>
	</testcase>
	<testcase classname="FinalUser_tests.FinalUserTest" file="src/unittest/python/FinalUser_tests.py" line="20" name="testCanPublish" time="0.000" timestamp="2019-10-30T15:34:32">
		<system-out>
<![CDATA[]]>		</system-out>
		<system-err>
<![CDATA[]]>		</system-err>
	</testcase>
</testsuite>
