<?xml version="1.0" encoding="UTF-8"?>
<testsuite errors="0" failures="0" file="RealUser_tests.py" name="RealUser_tests.RealUserTest-20191028105108" skipped="0" tests="4" time="0.035" timestamp="2019-10-28T10:51:08">
	<testcase classname="RealUser_tests.RealUserTest" file="src\unittest\python\RealUser_tests.py" line="16" name="test_ApprovalPermission" time="0.005" timestamp="2019-10-28T10:51:08">
		<system-out>
<![CDATA[Approval not allowed.
]]>		</system-out>
		<system-err>
<![CDATA[]]>		</system-err>
	</testcase>
	<testcase classname="RealUser_tests.RealUserTest" file="src\unittest\python\RealUser_tests.py" line="19" name="test_CommentPermission" time="0.002" timestamp="2019-10-28T10:51:08">
		<system-out>
<![CDATA[Commenting not allowed.
]]>		</system-out>
		<system-err>
<![CDATA[]]>		</system-err>
	</testcase>
	<testcase classname="RealUser_tests.RealUserTest" file="src\unittest\python\RealUser_tests.py" line="13" name="test_DeletionPermission" time="0.020" timestamp="2019-10-28T10:51:08">
		<system-out>
<![CDATA[Deletion not allowed.
]]>		</system-out>
		<system-err>
<![CDATA[]]>		</system-err>
	</testcase>
	<testcase classname="RealUser_tests.RealUserTest" file="src\unittest\python\RealUser_tests.py" line="10" name="test_PublishPermission" time="0.008" timestamp="2019-10-28T10:51:08">
		<system-out>
<![CDATA[Publishing not allowed.
]]>		</system-out>
		<system-err>
<![CDATA[]]>		</system-err>
	</testcase>
</testsuite>
