<?xml version="1.0" encoding="UTF-8"?>
<testsuite errors="0" failures="0" file="EndUser_tests.py" name="EndUser_tests.EndUser_test-20191030165027" skipped="0" tests="4" time="0.002" timestamp="2019-10-30T16:50:27">
	<testcase classname="EndUser_tests.EndUser_test" file="src/unittest/python/EndUser_tests.py" line="17" name="test_aprove" time="0.001" timestamp="2019-10-30T16:50:27">
		<system-out>
<![CDATA[No tiene el privilegio
]]>		</system-out>
		<system-err>
<![CDATA[]]>		</system-err>
	</testcase>
	<testcase classname="EndUser_tests.EndUser_test" file="src/unittest/python/EndUser_tests.py" line="20" name="test_comment" time="0.000" timestamp="2019-10-30T16:50:27">
		<system-out>
<![CDATA[No tiene el privilegio
]]>		</system-out>
		<system-err>
<![CDATA[]]>		</system-err>
	</testcase>
	<testcase classname="EndUser_tests.EndUser_test" file="src/unittest/python/EndUser_tests.py" line="14" name="test_delete" time="0.000" timestamp="2019-10-30T16:50:27">
		<system-out>
<![CDATA[No tiene el privilegio
]]>		</system-out>
		<system-err>
<![CDATA[]]>		</system-err>
	</testcase>
	<testcase classname="EndUser_tests.EndUser_test" file="src/unittest/python/EndUser_tests.py" line="11" name="test_publish" time="0.000" timestamp="2019-10-30T16:50:27">
		<system-out>
<![CDATA[No tiene el privilegio
]]>		</system-out>
		<system-err>
<![CDATA[]]>		</system-err>
	</testcase>
</testsuite>
