<?xml version="1.0" encoding="UTF-8"?>
<testsuite errors="0" failures="0" file="Comment_tests.py" name="Comment_tests.CommentTest-20191030161110" skipped="0" tests="2" time="0.002" timestamp="2019-10-30T16:11:10">
	<testcase classname="Comment_tests.CommentTest" file="src/unittest/python/Comment_tests.py" line="12" name="testCanComment" time="0.001" timestamp="2019-10-30T16:11:10">
		<system-out>
<![CDATA[]]>		</system-out>
		<system-err>
<![CDATA[]]>		</system-err>
	</testcase>
	<testcase classname="Comment_tests.CommentTest" file="src/unittest/python/Comment_tests.py" line="18" name="testDescription" time="0.001" timestamp="2019-10-30T16:11:10">
		<system-out>
<![CDATA[]]>		</system-out>
		<system-err>
<![CDATA[]]>		</system-err>
	</testcase>
</testsuite>
